Hypertext Transfer Protocol
    GET /api/v3/lightTopics/internal/704?udid=074347ace25d41df856528937c4a3804eb4fea22&vc=7051610&vn=7.5.161&size=1200X2499&first_channel=huawei&last_channel=huawei&system_version_code=29&deviceModel=ELS-AN00 HTTP/1.1\r\n
        [ [truncated]Expert Info (Chat/Sequence): GET /api/v3/lightTopics/internal/704?udid=074347ace25d41df856528937c4a3804eb4fea22&vc=7051610&vn=7.5.161&size=1200X2499&first_channel=huawei&last_channel=huawei&system_version_code=29&deviceModel=E]
        Request Method: GET
        Request URI: /api/v3/lightTopics/internal/704?udid=074347ace25d41df856528937c4a3804eb4fea22&vc=7051610&vn=7.5.161&size=1200X2499&first_channel=huawei&last_channel=huawei&system_version_code=29&deviceModel=ELS-AN00
            Request URI Path: /api/v3/lightTopics/internal/704
            Request URI Query: udid=074347ace25d41df856528937c4a3804eb4fea22&vc=7051610&vn=7.5.161&size=1200X2499&first_channel=huawei&last_channel=huawei&system_version_code=29&deviceModel=ELS-AN00
        Request Version: HTTP/1.1
    Cookie: ky_auth=_V1MTc4MjA0NjA0NjE6MTY5ODIzMTgyMTgwODo5N2Q4ZTc4OWE3OTRmYmY2NWRiYjVkNTJlZTFmMzIyMw;sdk=29\r\n
        Cookie pair: ky_auth=_V1MTc4MjA0NjA0NjE6MTY5ODIzMTgyMTgwODo5N2Q4ZTc4OWE3OTRmYmY2NWRiYjVkNTJlZTFmMzIyMw
        Cookie pair: sdk=29
    model: Android\r\n
    If-Modified-Since: Sun, 30 Oct 2022 11:23:45 GMT\r\n
    User-Agent: Dalvik/2.1.0 (Linux; U; Android 10; ELS-AN00 Build/HUAWEIELS-AN00)\r\n
    Host: baobab.kaiyanapp.com\r\n
    Connection: Keep-Alive\r\n
    Accept-Encoding: gzip\r\n
    \r\n
    [Full request URI [truncated]: http://baobab.kaiyanapp.com/api/v3/lightTopics/internal/704?udid=074347ace25d41df856528937c4a3804eb4fea22&vc=7051610&vn=7.5.161&size=1200X2499&first_channel=huawei&last_channel=huawei&system_version_code=29&d]
    [HTTP request 1/1]
    [Response in frame: 30]
