
Hypertext Transfer Protocol
    POST /v1/card/page/get_page HTTP/1.1\r\n
        [Expert Info (Chat/Sequence): POST /v1/card/page/get_page HTTP/1.1\r\n]
        Request Method: POST
        Request URI: /v1/card/page/get_page
        Request Version: HTTP/1.1
    Connection: keep-alive\r\n
    x-api-key: 0530ee4341324ce2b26c23fcece80ea2\r\n
    User-Agent: EYEPETIZER/7051610 (ELS-AN00;android;10;zh_CN_#Hans;android;7.5.161;cn-bj;huawei;2248c7390ffd3039d84a554301e0fd73;WIFI;1200*2499) native/1.0\r\n
    X-THEFAIR-APPID: ahpagrcrf2p7m6rg\r\n
     [truncated]X-THEFAIR-AUTH: Ee17OewjhONMFg7wu3+DMjYJ0+7BnnkF6VmMpTPvIUPmdBFN1esyXOPChQuxOgeeYU9Xg1w65fTNRjaSFCef7L11uxUVeN+sVTltut5ZRrkpgcYq7NXODEs/QObe36cdpCK/q6VgJmyngs5L2mQq/RNGsAjAY881y64hHnW9ZQ9kgNZOm01QqwbaptVqSAe9PQojEoUiiFCK0Hf3me
    X-THEFAIR-CID: 2248c7390ffd3039d84a554301e0fd73\r\n
    X-THEFAIR-UA: EYEPETIZER/7051610 (ELS-AN00;android;10;zh_CN_#Hans;android;7.5.161;cn-bj;huawei;2248c7390ffd3039d84a554301e0fd73;WIFI;1200*2499) native/1.0\r\n
    Cookie: ky_udid=074347ace25d41df856528937c4a3804eb4fea22;ky_auth=;login_date=20221030-185651;PHPSESSID=18f6366836b380a5c0e35d40399c9bb6;APPID=ahpagrcrf2p7m6rg;uid=304922815;login_type=mobile\r\n
        Cookie pair: ky_udid=074347ace25d41df856528937c4a3804eb4fea22
        Cookie pair: ky_auth=
        Cookie pair: login_date=20221030-185651
        Cookie pair: PHPSESSID=18f6366836b380a5c0e35d40399c9bb6
        Cookie pair: APPID=ahpagrcrf2p7m6rg
        Cookie pair: uid=304922815
        Cookie pair: login_type=mobile
    Content-Type: application/x-www-form-urlencoded\r\n
    Content-Length: 222\r\n
        [Content length: 222]
    Host: api.eyepetizer.net\r\n
    Accept-Encoding: gzip\r\n
    \r\n
    [Full request URI: http://api.eyepetizer.net/v1/card/page/get_page]
    [HTTP request 1/1]
    [Response in frame: 291]
    File Data: 222 bytes

HTML Form URL Encoded: application/x-www-form-urlencoded
    Form item: "udid" = "074347ace25d41df856528937c4a3804eb4fea22"
        Key: udid
        Value: 074347ace25d41df856528937c4a3804eb4fea22
    Form item: "vc" = "7051610"
        Key: vc
        Value: 7051610
    Form item: "vn" = "7.5.161"
        Key: vn
        Value: 7.5.161
    Form item: "deviceModel" = "ELS-AN00"
        Key: deviceModel
        Value: ELS-AN00
    Form item: "first_channel" = "huawei"
        Key: first_channel
        Value: huawei
    Form item: "size" = "1200X2499"
        Key: size
        Value: 1200X2499
    Form item: "system_version_code" = "29"
        Key: system_version_code
        Value: 29
    Form item: "token" = "43f18a526760c43d"
        Key: token
        Value: 43f18a526760c43d
    Form item: "page_type" = "card"
        Key: page_type
        Value: card
    Form item: "page_label" = "topic_hot_feed-2310400673"
        Key: page_label
        Value: topic_hot_feed-2310400673
